<?xml version="1.0" encoding="UTF-8"?>
<robot generator="Robot 3.2.1 (Python 3.8.2 on win32)" generated="20200513 14:32:29.480" rpa="false">
<suite id="s1" name="viewVehicleHistoryInquiry" source="D:\Toyota\pihd_at\pihd\at_script\ui\viewVehicleHistoryInquiry.robot">
<test id="s1-t1" name="View Vehicle History Inquiry">
<kw name="search Tracking Point">
<kw name="Open Browser" library="SeleniumLibrary">
<doc>Opens a new browser instance to the optional ``url``.</doc>
<arguments>
<arg>http://localhost:5000/pihd/Vehicle_History_Inquiry</arg>
<arg>chrome</arg>
</arguments>
<msg timestamp="20200513 14:32:29.631" level="INFO">Opening browser 'chrome' to base url 'http://localhost:5000/pihd/Vehicle_History_Inquiry'.</msg>
<status status="PASS" starttime="20200513 14:32:29.631" endtime="20200513 14:32:32.837"></status>
</kw>
<kw name="Input Text" library="SeleniumLibrary">
<doc>Types the given ``text`` into the text field identified by ``locator``.</doc>
<arguments>
<arg>searchPlanLineOffFrom</arg>
<arg>01/05/2020</arg>
</arguments>
<msg timestamp="20200513 14:32:32.837" level="INFO">Typing text '01/05/2020' into text field 'searchPlanLineOffFrom'.</msg>
<kw name="Capture Page Screenshot" library="SeleniumLibrary">
<doc>Takes a screenshot of the current page and embeds it into a log file.</doc>
<msg timestamp="20200513 14:32:33.167" level="INFO" html="yes">&lt;/td&gt;&lt;/tr&gt;&lt;tr&gt;&lt;td colspan="3"&gt;&lt;a href="selenium-screenshot-1.png"&gt;&lt;img src="selenium-screenshot-1.png" width="800px"&gt;&lt;/a&gt;</msg>
<status status="PASS" starttime="20200513 14:32:32.851" endtime="20200513 14:32:33.167"></status>
</kw>
<msg timestamp="20200513 14:32:33.167" level="FAIL">Element with locator 'searchPlanLineOffFrom' not found.</msg>
<status status="FAIL" starttime="20200513 14:32:32.837" endtime="20200513 14:32:33.167"></status>
</kw>
<status status="FAIL" starttime="20200513 14:32:29.631" endtime="20200513 14:32:33.167"></status>
</kw>
<status status="FAIL" starttime="20200513 14:32:29.630" endtime="20200513 14:32:33.170" critical="yes">Element with locator 'searchPlanLineOffFrom' not found.</status>
</test>
<status status="FAIL" starttime="20200513 14:32:29.480" endtime="20200513 14:32:33.174"></status>
</suite>
<statistics>
<total>
<stat pass="0" fail="1">Critical Tests</stat>
<stat pass="0" fail="1">All Tests</stat>
</total>
<tag>
</tag>
<suite>
<stat pass="0" fail="1" id="s1" name="viewVehicleHistoryInquiry">viewVehicleHistoryInquiry</stat>
</suite>
</statistics>
<errors>
</errors>
</robot>
